[debug] [2024-06-20T17:36:09.284Z] ----------------------------------------------------------------------
[debug] [2024-06-20T17:36:09.288Z] Command:       /usr/local/bin/node /usr/local/bin/firebase init
[debug] [2024-06-20T17:36:09.289Z] CLI Version:   13.11.2
[debug] [2024-06-20T17:36:09.289Z] Platform:      darwin
[debug] [2024-06-20T17:36:09.289Z] Node Version:  v20.13.1
[debug] [2024-06-20T17:36:09.289Z] Time:          Thu Jun 20 2024 11:36:09 GMT-0600 (Mountain Daylight Time)
[debug] [2024-06-20T17:36:09.289Z] ----------------------------------------------------------------------
[debug] 
[debug] [2024-06-20T17:36:09.327Z] > command requires scopes: ["email","openid","https://www.googleapis.com/auth/cloudplatformprojects.readonly","https://www.googleapis.com/auth/firebase","https://www.googleapis.com/auth/cloud-platform"]
[debug] [2024-06-20T17:36:09.327Z] > authorizing via signed-in user (callen.nash@gmail.com)
[info] 
     ######## #### ########  ######## ########     ###     ######  ########
     ##        ##  ##     ## ##       ##     ##  ##   ##  ##       ##
     ######    ##  ########  ######   ########  #########  ######  ######
     ##        ##  ##    ##  ##       ##     ## ##     ##       ## ##
     ##       #### ##     ## ######## ########  ##     ##  ######  ########

You're about to initialize a Firebase project in this directory:

  /Users/callennash

Before we get started, keep in mind:

  * You are initializing within an existing Firebase project directory

